# JRE version: OpenJDK Runtime Environment Temurin-17.0.7+7 (17.0.7+7) (build 17.0.7+7)
# Java VM: OpenJDK 64-Bit Server VM Temurin-17.0.7+7 (17.0.7+7, mixed mode, emulated-client, tiered, compressed oops, compressed class ptrs, g1 gc, windows-amd64)
GC Precious Log:
 CPUs: 4 total, 4 available
 Memory: 7991M
 Large Page Support: Disabled
 NUMA Support: Disabled
 Compressed Oops: Enabled (32-bit)
 Heap Region Size: 1M
 Heap Min Capacity: 8M
 Heap Initial Capacity: 126M
 Heap Max Capacity: 1G
 Pre-touch: Disabled
 Parallel Workers: 4
 Concurrent Workers: 1
 Concurrent Refinement Workers: 4
 Periodic GC: Disabled
Heap:
 garbage-first heap   total 130048K, used 37935K [0x00000000c0000000, 0x0000000100000000)
  region size 1024K, 1 young (1024K), 0 survivors (0K)
 Metaspace       used 64758K, committed 65536K, reserved 1114112K
  class space    used 9100K, committed 9408K, reserved 1048576K
GC Heap History (20 events):
Event: 4188.016 GC heap before
{Heap before GC invocations=455 (full 364):
 garbage-first heap   total 130048K, used 37935K [0x00000000c0000000, 0x0000000100000000)
  region size 1024K, 1 young (1024K), 0 survivors (0K)
 Metaspace       used 64758K, committed 65536K, reserved 1114112K
  class space    used 9100K, committed 9408K, reserved 1048576K
}
Event: 4188.058 GC heap after
{Heap after GC invocations=456 (full 365):
 garbage-first heap   total 130048K, used 37935K [0x00000000c0000000, 0x0000000100000000)
  region size 1024K, 0 young (0K), 0 survivors (0K)
 Metaspace       used 64758K, committed 65536K, reserved 1114112K
  class space    used 9100K, committed 9408K, reserved 1048576K
}
Event: 4198.191 GC heap before
{Heap before GC invocations=456 (full 365):
 garbage-first heap   total 130048K, used 37935K [0x00000000c0000000, 0x0000000100000000)
  region size 1024K, 1 young (1024K), 0 survivors (0K)
 Metaspace       used 64758K, committed 65536K, reserved 1114112K
  class space    used 9100K, committed 9408K, reserved 1048576K
}
Event: 4198.230 GC heap after
{Heap after GC invocations=457 (full 366):
 garbage-first heap   total 130048K, used 37935K [0x00000000c0000000, 0x0000000100000000)
  region size 1024K, 0 young (0K), 0 survivors (0K)
 Metaspace       used 64758K, committed 65536K, reserved 1114112K
  class space    used 9100K, committed 9408K, reserved 1048576K
}
Event: 4209.447 GC heap before
{Heap before GC invocations=457 (full 366):
 garbage-first heap   total 130048K, used 37935K [0x00000000c0000000, 0x0000000100000000)
  region size 1024K, 1 young (1024K), 0 survivors (0K)
 Metaspace       used 64758K, committed 65536K, reserved 1114112K
  class space    used 9100K, committed 9408K, reserved 1048576K
}
Event: 4209.486 GC heap after
{Heap after GC invocations=458 (full 367):
 garbage-first heap   total 130048K, used 37935K [0x00000000c0000000, 0x0000000100000000)
  region size 1024K, 0 young (0K), 0 survivors (0K)
 Metaspace       used 64758K, committed 65536K, reserved 1114112K
  class space    used 9100K, committed 9408K, reserved 1048576K
}
Event: 4219.665 GC heap before
{Heap before GC invocations=458 (full 367):
 garbage-first heap   total 130048K, used 37935K [0x00000000c0000000, 0x0000000100000000)
  region size 1024K, 1 young (1024K), 0 survivors (0K)
 Metaspace       used 64758K, committed 65536K, reserved 1114112K
  class space    used 9100K, committed 9408K, reserved 1048576K
}
Event: 4219.706 GC heap after
{Heap after GC invocations=459 (full 368):
 garbage-first heap   total 130048K, used 37935K [0x00000000c0000000, 0x0000000100000000)
  region size 1024K, 0 young (0K), 0 survivors (0K)
 Metaspace       used 64758K, committed 65536K, reserved 1114112K
  class space    used 9100K, committed 9408K, reserved 1048576K
}
Event: 4229.877 GC heap before
{Heap before GC invocations=459 (full 368):
 garbage-first heap   total 130048K, used 37935K [0x00000000c0000000, 0x0000000100000000)
  region size 1024K, 1 young (1024K), 0 survivors (0K)
 Metaspace       used 64758K, committed 65536K, reserved 1114112K
  class space    used 9100K, committed 9408K, reserved 1048576K
}
Event: 4229.915 GC heap after
{Heap after GC invocations=460 (full 369):
 garbage-first heap   total 130048K, used 37935K [0x00000000c0000000, 0x0000000100000000)
  region size 1024K, 0 young (0K), 0 survivors (0K)
 Metaspace       used 64758K, committed 65536K, reserved 1114112K
  class space    used 9100K, committed 9408K, reserved 1048576K
}
Event: 4240.158 GC heap before
{Heap before GC invocations=460 (full 369):
 garbage-first heap   total 130048K, used 37935K [0x00000000c0000000, 0x0000000100000000)
  region size 1024K, 1 young (1024K), 0 survivors (0K)
 Metaspace       used 64758K, committed 65536K, reserved 1114112K
  class space    used 9100K, committed 9408K, reserved 1048576K
}
Event: 4240.198 GC heap after
{Heap after GC invocations=461 (full 370):
 garbage-first heap   total 130048K, used 37935K [0x00000000c0000000, 0x0000000100000000)
  region size 1024K, 0 young (0K), 0 survivors (0K)
 Metaspace       used 64758K, committed 65536K, reserved 1114112K
  class space    used 9100K, committed 9408K, reserved 1048576K
}
Event: 4251.145 GC heap before
{Heap before GC invocations=461 (full 370):
 garbage-first heap   total 130048K, used 37935K [0x00000000c0000000, 0x0000000100000000)
  region size 1024K, 1 young (1024K), 0 survivors (0K)
 Metaspace       used 64758K, committed 65536K, reserved 1114112K
  class space    used 9100K, committed 9408K, reserved 1048576K
}
Event: 4251.186 GC heap after
{Heap after GC invocations=462 (full 371):
 garbage-first heap   total 130048K, used 37935K [0x00000000c0000000, 0x0000000100000000)
  region size 1024K, 0 young (0K), 0 survivors (0K)
 Metaspace       used 64758K, committed 65536K, reserved 1114112K
  class space    used 9100K, committed 9408K, reserved 1048576K
}
Event: 4262.908 GC heap before
{Heap before GC invocations=462 (full 371):
 garbage-first heap   total 130048K, used 37935K [0x00000000c0000000, 0x0000000100000000)
  region size 1024K, 1 young (1024K), 0 survivors (0K)
 Metaspace       used 64758K, committed 65536K, reserved 1114112K
  class space    used 9100K, committed 9408K, reserved 1048576K
}
Event: 4262.947 GC heap after
{Heap after GC invocations=463 (full 372):
 garbage-first heap   total 130048K, used 37935K [0x00000000c0000000, 0x0000000100000000)
  region size 1024K, 0 young (0K), 0 survivors (0K)
 Metaspace       used 64758K, committed 65536K, reserved 1114112K
  class space    used 9100K, committed 9408K, reserved 1048576K
}
Event: 4273.153 GC heap before
{Heap before GC invocations=463 (full 372):
 garbage-first heap   total 130048K, used 37935K [0x00000000c0000000, 0x0000000100000000)
  region size 1024K, 1 young (1024K), 0 survivors (0K)
 Metaspace       used 64758K, committed 65536K, reserved 1114112K
  class space    used 9100K, committed 9408K, reserved 1048576K
}
Event: 4273.191 GC heap after
{Heap after GC invocations=464 (full 373):
 garbage-first heap   total 130048K, used 37935K [0x00000000c0000000, 0x0000000100000000)
  region size 1024K, 0 young (0K), 0 survivors (0K)
 Metaspace       used 64758K, committed 65536K, reserved 1114112K
  class space    used 9100K, committed 9408K, reserved 1048576K
}
Event: 4283.534 GC heap before
{Heap before GC invocations=464 (full 373):
 garbage-first heap   total 130048K, used 37935K [0x00000000c0000000, 0x0000000100000000)
  region size 1024K, 1 young (1024K), 0 survivors (0K)
 Metaspace       used 64758K, committed 65536K, reserved 1114112K
  class space    used 9100K, committed 9408K, reserved 1048576K
}
Event: 4283.572 GC heap after
{Heap after GC invocations=465 (full 374):
 garbage-first heap   total 130048K, used 37935K [0x00000000c0000000, 0x0000000100000000)
  region size 1024K, 0 young (0K), 0 survivors (0K)
 Metaspace       used 64758K, committed 65536K, reserved 1114112K
  class space    used 9100K, committed 9408K, reserved 1048576K
}

