# JRE version: OpenJDK Runtime Environment Temurin-17.0.7+7 (17.0.7+7) (build 17.0.7+7)
# Java VM: OpenJDK 64-Bit Server VM Temurin-17.0.7+7 (17.0.7+7, mixed mode, emulated-client, tiered, compressed oops, compressed class ptrs, g1 gc, windows-amd64)
GC Precious Log:
 CPUs: 4 total, 4 available
 Memory: 7991M
 Large Page Support: Disabled
 NUMA Support: Disabled
 Compressed Oops: Enabled (32-bit)
 Heap Region Size: 1M
 Heap Min Capacity: 8M
 Heap Initial Capacity: 126M
 Heap Max Capacity: 1G
 Pre-touch: Disabled
 Parallel Workers: 4
 Concurrent Workers: 1
 Concurrent Refinement Workers: 4
 Periodic GC: Disabled
Heap:
 garbage-first heap   total 137216K, used 40348K [0x00000000c0000000, 0x0000000100000000)
  region size 1024K, 1 young (1024K), 0 survivors (0K)
 Metaspace       used 72957K, committed 73856K, reserved 1114112K
  class space    used 10025K, committed 10368K, reserved 1048576K
GC Heap History (20 events):
Event: 1492.920 GC heap before
{Heap before GC invocations=221 (full 122):
 garbage-first heap   total 137216K, used 40334K [0x00000000c0000000, 0x0000000100000000)
  region size 1024K, 1 young (1024K), 0 survivors (0K)
 Metaspace       used 72943K, committed 73856K, reserved 1114112K
  class space    used 10023K, committed 10368K, reserved 1048576K
}
Event: 1492.965 GC heap after
{Heap after GC invocations=222 (full 123):
 garbage-first heap   total 137216K, used 40334K [0x00000000c0000000, 0x0000000100000000)
  region size 1024K, 0 young (0K), 0 survivors (0K)
 Metaspace       used 72943K, committed 73856K, reserved 1114112K
  class space    used 10023K, committed 10368K, reserved 1048576K
}
Event: 1503.173 GC heap before
{Heap before GC invocations=222 (full 123):
 garbage-first heap   total 137216K, used 40334K [0x00000000c0000000, 0x0000000100000000)
  region size 1024K, 1 young (1024K), 0 survivors (0K)
 Metaspace       used 72943K, committed 73856K, reserved 1114112K
  class space    used 10023K, committed 10368K, reserved 1048576K
}
Event: 1503.219 GC heap after
{Heap after GC invocations=223 (full 124):
 garbage-first heap   total 137216K, used 40334K [0x00000000c0000000, 0x0000000100000000)
  region size 1024K, 0 young (0K), 0 survivors (0K)
 Metaspace       used 72943K, committed 73856K, reserved 1114112K
  class space    used 10023K, committed 10368K, reserved 1048576K
}
Event: 1513.363 GC heap before
{Heap before GC invocations=223 (full 124):
 garbage-first heap   total 137216K, used 40334K [0x00000000c0000000, 0x0000000100000000)
  region size 1024K, 1 young (1024K), 0 survivors (0K)
 Metaspace       used 72943K, committed 73856K, reserved 1114112K
  class space    used 10023K, committed 10368K, reserved 1048576K
}
Event: 1513.441 GC heap after
{Heap after GC invocations=224 (full 125):
 garbage-first heap   total 137216K, used 40334K [0x00000000c0000000, 0x0000000100000000)
  region size 1024K, 0 young (0K), 0 survivors (0K)
 Metaspace       used 72943K, committed 73856K, reserved 1114112K
  class space    used 10023K, committed 10368K, reserved 1048576K
}
Event: 1525.881 GC heap before
{Heap before GC invocations=224 (full 125):
 garbage-first heap   total 137216K, used 40334K [0x00000000c0000000, 0x0000000100000000)
  region size 1024K, 1 young (1024K), 0 survivors (0K)
 Metaspace       used 72943K, committed 73856K, reserved 1114112K
  class space    used 10023K, committed 10368K, reserved 1048576K
}
Event: 1525.955 GC heap after
{Heap after GC invocations=225 (full 126):
 garbage-first heap   total 137216K, used 40334K [0x00000000c0000000, 0x0000000100000000)
  region size 1024K, 0 young (0K), 0 survivors (0K)
 Metaspace       used 72943K, committed 73856K, reserved 1114112K
  class space    used 10023K, committed 10368K, reserved 1048576K
}
Event: 1537.172 GC heap before
{Heap before GC invocations=225 (full 126):
 garbage-first heap   total 137216K, used 40334K [0x00000000c0000000, 0x0000000100000000)
  region size 1024K, 1 young (1024K), 0 survivors (0K)
 Metaspace       used 72957K, committed 73856K, reserved 1114112K
  class space    used 10025K, committed 10368K, reserved 1048576K
}
Event: 1537.239 GC heap after
{Heap after GC invocations=226 (full 127):
 garbage-first heap   total 137216K, used 40348K [0x00000000c0000000, 0x0000000100000000)
  region size 1024K, 0 young (0K), 0 survivors (0K)
 Metaspace       used 72957K, committed 73856K, reserved 1114112K
  class space    used 10025K, committed 10368K, reserved 1048576K
}
Event: 1547.446 GC heap before
{Heap before GC invocations=226 (full 127):
 garbage-first heap   total 137216K, used 40348K [0x00000000c0000000, 0x0000000100000000)
  region size 1024K, 1 young (1024K), 0 survivors (0K)
 Metaspace       used 72957K, committed 73856K, reserved 1114112K
  class space    used 10025K, committed 10368K, reserved 1048576K
}
Event: 1547.527 GC heap after
{Heap after GC invocations=227 (full 128):
 garbage-first heap   total 137216K, used 40348K [0x00000000c0000000, 0x0000000100000000)
  region size 1024K, 0 young (0K), 0 survivors (0K)
 Metaspace       used 72957K, committed 73856K, reserved 1114112K
  class space    used 10025K, committed 10368K, reserved 1048576K
}
Event: 1557.664 GC heap before
{Heap before GC invocations=227 (full 128):
 garbage-first heap   total 137216K, used 40348K [0x00000000c0000000, 0x0000000100000000)
  region size 1024K, 1 young (1024K), 0 survivors (0K)
 Metaspace       used 72957K, committed 73856K, reserved 1114112K
  class space    used 10025K, committed 10368K, reserved 1048576K
}
Event: 1557.737 GC heap after
{Heap after GC invocations=228 (full 129):
 garbage-first heap   total 137216K, used 40348K [0x00000000c0000000, 0x0000000100000000)
  region size 1024K, 0 young (0K), 0 survivors (0K)
 Metaspace       used 72957K, committed 73856K, reserved 1114112K
  class space    used 10025K, committed 10368K, reserved 1048576K
}
Event: 1567.895 GC heap before
{Heap before GC invocations=228 (full 129):
 garbage-first heap   total 137216K, used 40348K [0x00000000c0000000, 0x0000000100000000)
  region size 1024K, 1 young (1024K), 0 survivors (0K)
 Metaspace       used 72957K, committed 73856K, reserved 1114112K
  class space    used 10025K, committed 10368K, reserved 1048576K
}
Event: 1567.965 GC heap after
{Heap after GC invocations=229 (full 130):
 garbage-first heap   total 137216K, used 40348K [0x00000000c0000000, 0x0000000100000000)
  region size 1024K, 0 young (0K), 0 survivors (0K)
 Metaspace       used 72957K, committed 73856K, reserved 1114112K
  class space    used 10025K, committed 10368K, reserved 1048576K
}
Event: 1578.598 GC heap before
{Heap before GC invocations=229 (full 130):
 garbage-first heap   total 137216K, used 40348K [0x00000000c0000000, 0x0000000100000000)
  region size 1024K, 1 young (1024K), 0 survivors (0K)
 Metaspace       used 72957K, committed 73856K, reserved 1114112K
  class space    used 10025K, committed 10368K, reserved 1048576K
}
Event: 1578.673 GC heap after
{Heap after GC invocations=230 (full 131):
 garbage-first heap   total 137216K, used 40348K [0x00000000c0000000, 0x0000000100000000)
  region size 1024K, 0 young (0K), 0 survivors (0K)
 Metaspace       used 72957K, committed 73856K, reserved 1114112K
  class space    used 10025K, committed 10368K, reserved 1048576K
}
Event: 1589.158 GC heap before
{Heap before GC invocations=230 (full 131):
 garbage-first heap   total 137216K, used 40348K [0x00000000c0000000, 0x0000000100000000)
  region size 1024K, 1 young (1024K), 0 survivors (0K)
 Metaspace       used 72957K, committed 73856K, reserved 1114112K
  class space    used 10025K, committed 10368K, reserved 1048576K
}
Event: 1589.226 GC heap after
{Heap after GC invocations=231 (full 132):
 garbage-first heap   total 137216K, used 40348K [0x00000000c0000000, 0x0000000100000000)
  region size 1024K, 0 young (0K), 0 survivors (0K)
 Metaspace       used 72957K, committed 73856K, reserved 1114112K
  class space    used 10025K, committed 10368K, reserved 1048576K
}

